2015-02-13T17:25:18.089-0500 o.a.s.z.ZooKeeper [INFO] Client environment:zookeeper.version=3.4.6-1569965, built on 02/20/2014 09:09 GMT
2015-02-13T17:25:18.098-0500 o.a.s.z.ZooKeeper [INFO] Client environment:host.name=parth-VirtualBox
2015-02-13T17:25:18.098-0500 o.a.s.z.ZooKeeper [INFO] Client environment:java.version=1.7.0_76
2015-02-13T17:25:18.098-0500 o.a.s.z.ZooKeeper [INFO] Client environment:java.vendor=Oracle Corporation
2015-02-13T17:25:18.098-0500 o.a.s.z.ZooKeeper [INFO] Client environment:java.home=/usr/lib/jvm/java-7-oracle/jre
2015-02-13T17:25:18.098-0500 o.a.s.z.ZooKeeper [INFO] Client environment:java.class.path=/home/parth/git/apache-storm-0.9.3/lib/core.incubator-0.1.0.jar:/home/parth/git/apache-storm-0.9.3/lib/compojure-1.1.3.jar:/home/parth/git/apache-storm-0.9.3/lib/asm-4.0.jar:/home/parth/git/apache-storm-0.9.3/lib/jetty-util-6.1.26.jar:/home/parth/git/apache-storm-0.9.3/lib/log4j-over-slf4j-1.6.6.jar:/home/parth/git/apache-storm-0.9.3/lib/logback-core-1.0.13.jar:/home/parth/git/apache-storm-0.9.3/lib/logback-classic-1.0.13.jar:/home/parth/git/apache-storm-0.9.3/lib/reflectasm-1.07-shaded.jar:/home/parth/git/apache-storm-0.9.3/lib/clj-stacktrace-0.2.2.jar:/home/parth/git/apache-storm-0.9.3/lib/clj-time-0.4.1.jar:/home/parth/git/apache-storm-0.9.3/lib/jline-2.11.jar:/home/parth/git/apache-storm-0.9.3/lib/carbonite-1.4.0.jar:/home/parth/git/apache-storm-0.9.3/lib/objenesis-1.2.jar:/home/parth/git/apache-storm-0.9.3/lib/commons-logging-1.1.3.jar:/home/parth/git/apache-storm-0.9.3/lib/json-simple-1.1.jar:/home/parth/git/apache-storm-0.9.3/lib/clout-1.0.1.jar:/home/parth/git/apache-storm-0.9.3/lib/disruptor-2.10.1.jar:/home/parth/git/apache-storm-0.9.3/lib/tools.macro-0.1.0.jar:/home/parth/git/apache-storm-0.9.3/lib/storm-core-0.9.3.jar:/home/parth/git/apache-storm-0.9.3/lib/commons-fileupload-1.2.1.jar:/home/parth/git/apache-storm-0.9.3/lib/joda-time-2.0.jar:/home/parth/git/apache-storm-0.9.3/lib/snakeyaml-1.11.jar:/home/parth/git/apache-storm-0.9.3/lib/slf4j-api-1.7.5.jar:/home/parth/git/apache-storm-0.9.3/lib/clojure-1.5.1.jar:/home/parth/git/apache-storm-0.9.3/lib/kryo-2.21.jar:/home/parth/git/apache-storm-0.9.3/lib/commons-lang-2.5.jar:/home/parth/git/apache-storm-0.9.3/lib/ring-jetty-adapter-0.3.11.jar:/home/parth/git/apache-storm-0.9.3/lib/tools.cli-0.2.4.jar:/home/parth/git/apache-storm-0.9.3/lib/jgrapht-core-0.9.0.jar:/home/parth/git/apache-storm-0.9.3/lib/minlog-1.2.jar:/home/parth/git/apache-storm-0.9.3/lib/chill-java-0.3.5.jar:/home/parth/git/apache-storm-0.9.3/lib/tools.logging-0.2.3.jar:/home/parth/git/apache-storm-0.9.3/lib/servlet-api-2.5.jar:/home/parth/git/apache-storm-0.9.3/lib/ring-core-1.1.5.jar:/home/parth/git/apache-storm-0.9.3/lib/commons-codec-1.6.jar:/home/parth/git/apache-storm-0.9.3/lib/jetty-6.1.26.jar:/home/parth/git/apache-storm-0.9.3/lib/commons-io-2.4.jar:/home/parth/git/apache-storm-0.9.3/lib/commons-exec-1.1.jar:/home/parth/git/apache-storm-0.9.3/lib/math.numeric-tower-0.0.1.jar:/home/parth/git/apache-storm-0.9.3/lib/ring-devel-0.3.11.jar:/home/parth/git/apache-storm-0.9.3/lib/ring-servlet-0.3.11.jar:/home/parth/git/apache-storm-0.9.3/lib/hiccup-0.3.6.jar:/home/parth/git/apache-storm-0.9.3/conf
2015-02-13T17:25:18.098-0500 o.a.s.z.ZooKeeper [INFO] Client environment:java.library.path=/usr/local/lib:/opt/local/lib:/usr/lib
2015-02-13T17:25:18.098-0500 o.a.s.z.ZooKeeper [INFO] Client environment:java.io.tmpdir=/tmp
2015-02-13T17:25:18.098-0500 o.a.s.z.ZooKeeper [INFO] Client environment:java.compiler=<NA>
2015-02-13T17:25:18.098-0500 o.a.s.z.ZooKeeper [INFO] Client environment:os.name=Linux
2015-02-13T17:25:18.098-0500 o.a.s.z.ZooKeeper [INFO] Client environment:os.arch=amd64
2015-02-13T17:25:18.098-0500 o.a.s.z.ZooKeeper [INFO] Client environment:os.version=3.13.0-45-generic
2015-02-13T17:25:18.098-0500 o.a.s.z.ZooKeeper [INFO] Client environment:user.name=parth
2015-02-13T17:25:18.099-0500 o.a.s.z.ZooKeeper [INFO] Client environment:user.home=/home/parth
2015-02-13T17:25:18.099-0500 o.a.s.z.ZooKeeper [INFO] Client environment:user.dir=/home/parth
2015-02-13T17:25:18.126-0500 o.a.s.z.s.ZooKeeperServer [INFO] Server environment:zookeeper.version=3.4.6-1569965, built on 02/20/2014 09:09 GMT
2015-02-13T17:25:18.127-0500 o.a.s.z.s.ZooKeeperServer [INFO] Server environment:host.name=parth-VirtualBox
2015-02-13T17:25:18.127-0500 o.a.s.z.s.ZooKeeperServer [INFO] Server environment:java.version=1.7.0_76
2015-02-13T17:25:18.127-0500 o.a.s.z.s.ZooKeeperServer [INFO] Server environment:java.vendor=Oracle Corporation
2015-02-13T17:25:18.127-0500 o.a.s.z.s.ZooKeeperServer [INFO] Server environment:java.home=/usr/lib/jvm/java-7-oracle/jre
2015-02-13T17:25:18.127-0500 o.a.s.z.s.ZooKeeperServer [INFO] Server environment:java.class.path=/home/parth/git/apache-storm-0.9.3/lib/core.incubator-0.1.0.jar:/home/parth/git/apache-storm-0.9.3/lib/compojure-1.1.3.jar:/home/parth/git/apache-storm-0.9.3/lib/asm-4.0.jar:/home/parth/git/apache-storm-0.9.3/lib/jetty-util-6.1.26.jar:/home/parth/git/apache-storm-0.9.3/lib/log4j-over-slf4j-1.6.6.jar:/home/parth/git/apache-storm-0.9.3/lib/logback-core-1.0.13.jar:/home/parth/git/apache-storm-0.9.3/lib/logback-classic-1.0.13.jar:/home/parth/git/apache-storm-0.9.3/lib/reflectasm-1.07-shaded.jar:/home/parth/git/apache-storm-0.9.3/lib/clj-stacktrace-0.2.2.jar:/home/parth/git/apache-storm-0.9.3/lib/clj-time-0.4.1.jar:/home/parth/git/apache-storm-0.9.3/lib/jline-2.11.jar:/home/parth/git/apache-storm-0.9.3/lib/carbonite-1.4.0.jar:/home/parth/git/apache-storm-0.9.3/lib/objenesis-1.2.jar:/home/parth/git/apache-storm-0.9.3/lib/commons-logging-1.1.3.jar:/home/parth/git/apache-storm-0.9.3/lib/json-simple-1.1.jar:/home/parth/git/apache-storm-0.9.3/lib/clout-1.0.1.jar:/home/parth/git/apache-storm-0.9.3/lib/disruptor-2.10.1.jar:/home/parth/git/apache-storm-0.9.3/lib/tools.macro-0.1.0.jar:/home/parth/git/apache-storm-0.9.3/lib/storm-core-0.9.3.jar:/home/parth/git/apache-storm-0.9.3/lib/commons-fileupload-1.2.1.jar:/home/parth/git/apache-storm-0.9.3/lib/joda-time-2.0.jar:/home/parth/git/apache-storm-0.9.3/lib/snakeyaml-1.11.jar:/home/parth/git/apache-storm-0.9.3/lib/slf4j-api-1.7.5.jar:/home/parth/git/apache-storm-0.9.3/lib/clojure-1.5.1.jar:/home/parth/git/apache-storm-0.9.3/lib/kryo-2.21.jar:/home/parth/git/apache-storm-0.9.3/lib/commons-lang-2.5.jar:/home/parth/git/apache-storm-0.9.3/lib/ring-jetty-adapter-0.3.11.jar:/home/parth/git/apache-storm-0.9.3/lib/tools.cli-0.2.4.jar:/home/parth/git/apache-storm-0.9.3/lib/jgrapht-core-0.9.0.jar:/home/parth/git/apache-storm-0.9.3/lib/minlog-1.2.jar:/home/parth/git/apache-storm-0.9.3/lib/chill-java-0.3.5.jar:/home/parth/git/apache-storm-0.9.3/lib/tools.logging-0.2.3.jar:/home/parth/git/apache-storm-0.9.3/lib/servlet-api-2.5.jar:/home/parth/git/apache-storm-0.9.3/lib/ring-core-1.1.5.jar:/home/parth/git/apache-storm-0.9.3/lib/commons-codec-1.6.jar:/home/parth/git/apache-storm-0.9.3/lib/jetty-6.1.26.jar:/home/parth/git/apache-storm-0.9.3/lib/commons-io-2.4.jar:/home/parth/git/apache-storm-0.9.3/lib/commons-exec-1.1.jar:/home/parth/git/apache-storm-0.9.3/lib/math.numeric-tower-0.0.1.jar:/home/parth/git/apache-storm-0.9.3/lib/ring-devel-0.3.11.jar:/home/parth/git/apache-storm-0.9.3/lib/ring-servlet-0.3.11.jar:/home/parth/git/apache-storm-0.9.3/lib/hiccup-0.3.6.jar:/home/parth/git/apache-storm-0.9.3/conf
2015-02-13T17:25:18.127-0500 o.a.s.z.s.ZooKeeperServer [INFO] Server environment:java.library.path=/usr/local/lib:/opt/local/lib:/usr/lib
2015-02-13T17:25:18.127-0500 o.a.s.z.s.ZooKeeperServer [INFO] Server environment:java.io.tmpdir=/tmp
2015-02-13T17:25:18.127-0500 o.a.s.z.s.ZooKeeperServer [INFO] Server environment:java.compiler=<NA>
2015-02-13T17:25:18.127-0500 o.a.s.z.s.ZooKeeperServer [INFO] Server environment:os.name=Linux
2015-02-13T17:25:18.128-0500 o.a.s.z.s.ZooKeeperServer [INFO] Server environment:os.arch=amd64
2015-02-13T17:25:18.128-0500 o.a.s.z.s.ZooKeeperServer [INFO] Server environment:os.version=3.13.0-45-generic
2015-02-13T17:25:18.128-0500 o.a.s.z.s.ZooKeeperServer [INFO] Server environment:user.name=parth
2015-02-13T17:25:18.128-0500 o.a.s.z.s.ZooKeeperServer [INFO] Server environment:user.home=/home/parth
2015-02-13T17:25:18.128-0500 o.a.s.z.s.ZooKeeperServer [INFO] Server environment:user.dir=/home/parth
2015-02-13T17:25:18.800-0500 b.s.d.nimbus [INFO] Starting Nimbus with conf {"dev.zookeeper.path" "/tmp/dev-storm-zookeeper", "topology.tick.tuple.freq.secs" nil, "topology.builtin.metrics.bucket.size.secs" 60, "topology.fall.back.on.java.serialization" true, "topology.max.error.report.per.interval" 5, "zmq.linger.millis" 5000, "topology.skip.missing.kryo.registrations" false, "storm.messaging.netty.client_worker_threads" 1, "ui.childopts" "-Xmx768m", "storm.zookeeper.session.timeout" 20000, "nimbus.reassign" true, "topology.trident.batch.emit.interval.millis" 500, "storm.messaging.netty.flush.check.interval.ms" 10, "nimbus.monitor.freq.secs" 10, "logviewer.childopts" "-Xmx128m", "java.library.path" "/usr/local/lib:/opt/local/lib:/usr/lib", "topology.executor.send.buffer.size" 1024, "storm.local.dir" "storm-local", "storm.messaging.netty.buffer_size" 5242880, "supervisor.worker.start.timeout.secs" 120, "topology.enable.message.timeouts" true, "nimbus.cleanup.inbox.freq.secs" 600, "nimbus.inbox.jar.expiration.secs" 3600, "drpc.worker.threads" 64, "storm.meta.serialization.delegate" "backtype.storm.serialization.DefaultSerializationDelegate", "topology.worker.shared.thread.pool.size" 4, "nimbus.host" "localhost", "storm.messaging.netty.min_wait_ms" 100, "storm.zookeeper.port" 2181, "transactional.zookeeper.port" nil, "topology.executor.receive.buffer.size" 1024, "transactional.zookeeper.servers" nil, "storm.zookeeper.root" "/storm", "storm.zookeeper.retry.intervalceiling.millis" 30000, "supervisor.enable" true, "storm.messaging.netty.server_worker_threads" 1, "storm.zookeeper.servers" ["localhost"], "transactional.zookeeper.root" "/transactional", "topology.acker.executors" nil, "topology.transfer.buffer.size" 1024, "topology.worker.childopts" nil, "drpc.queue.size" 128, "worker.childopts" "-Xmx768m", "supervisor.heartbeat.frequency.secs" 5, "topology.error.throttle.interval.secs" 10, "zmq.hwm" 0, "drpc.port" 3772, "supervisor.monitor.frequency.secs" 3, "drpc.childopts" "-Xmx768m", "topology.receiver.buffer.size" 8, "task.heartbeat.frequency.secs" 3, "topology.tasks" nil, "storm.messaging.netty.max_retries" 300, "topology.spout.wait.strategy" "backtype.storm.spout.SleepSpoutWaitStrategy", "nimbus.thrift.max_buffer_size" 1048576, "topology.max.spout.pending" nil, "storm.zookeeper.retry.interval" 1000, "topology.sleep.spout.wait.strategy.time.ms" 1, "nimbus.topology.validator" "backtype.storm.nimbus.DefaultTopologyValidator", "supervisor.slots.ports" [6700 6701 6702 6703], "topology.environment" nil, "topology.debug" false, "nimbus.task.launch.secs" 120, "nimbus.supervisor.timeout.secs" 60, "topology.message.timeout.secs" 30, "task.refresh.poll.secs" 10, "topology.workers" 1, "supervisor.childopts" "-Xmx256m", "nimbus.thrift.port" 6627, "topology.stats.sample.rate" 0.05, "worker.heartbeat.frequency.secs" 1, "topology.tuple.serializer" "backtype.storm.serialization.types.ListDelegateSerializer", "topology.disruptor.wait.strategy" "com.lmax.disruptor.BlockingWaitStrategy", "topology.multilang.serializer" "backtype.storm.multilang.JsonSerializer", "nimbus.task.timeout.secs" 30, "storm.zookeeper.connection.timeout" 15000, "topology.kryo.factory" "backtype.storm.serialization.DefaultKryoFactory", "drpc.invocations.port" 3773, "logviewer.port" 8000, "zmq.threads" 1, "storm.zookeeper.retry.times" 5, "topology.worker.receiver.thread.count" 1, "storm.thrift.transport" "backtype.storm.security.auth.SimpleTransportPlugin", "topology.state.synchronization.timeout.secs" 60, "supervisor.worker.timeout.secs" 30, "nimbus.file.copy.expiration.secs" 600, "storm.messaging.transport" "backtype.storm.messaging.netty.Context", "logviewer.appender.name" "A1", "storm.messaging.netty.max_wait_ms" 1000, "drpc.request.timeout.secs" 600, "storm.local.mode.zmq" false, "ui.port" 8080, "nimbus.childopts" "-Xmx1024m", "storm.cluster.mode" "distributed", "topology.max.task.parallelism" nil, "storm.messaging.netty.transfer.batch.size" 262144, "topology.classpath" nil}
2015-02-13T17:25:18.804-0500 b.s.d.nimbus [INFO] Using default scheduler
2015-02-13T17:25:18.875-0500 b.s.u.StormBoundedExponentialBackoffRetry [INFO] The baseSleepTimeMs [1000] the maxSleepTimeMs [30000] the maxRetries [5]
2015-02-13T17:25:19.042-0500 o.a.s.c.f.i.CuratorFrameworkImpl [INFO] Starting
2015-02-13T17:25:19.045-0500 o.a.s.z.ZooKeeper [INFO] Initiating client connection, connectString=localhost:2181 sessionTimeout=20000 watcher=org.apache.storm.curator.ConnectionState@43183b7e
2015-02-13T17:25:19.081-0500 o.a.s.z.ClientCnxn [INFO] Opening socket connection to server localhost/127.0.0.1:2181. Will not attempt to authenticate using SASL (unknown error)
2015-02-13T17:25:19.105-0500 o.a.s.z.ClientCnxn [INFO] Socket connection established to localhost/127.0.0.1:2181, initiating session
2015-02-13T17:25:19.224-0500 o.a.s.z.ClientCnxn [INFO] Session establishment complete on server localhost/127.0.0.1:2181, sessionid = 0x14b850b43fd0000, negotiated timeout = 20000
2015-02-13T17:25:19.226-0500 o.a.s.c.f.s.ConnectionStateManager [INFO] State change: CONNECTED
2015-02-13T17:25:19.231-0500 b.s.zookeeper [INFO] Zookeeper state update: :connected:none
2015-02-13T17:25:20.326-0500 o.a.s.z.ClientCnxn [INFO] EventThread shut down
2015-02-13T17:25:20.326-0500 o.a.s.z.ZooKeeper [INFO] Session: 0x14b850b43fd0000 closed
2015-02-13T17:25:20.383-0500 b.s.u.StormBoundedExponentialBackoffRetry [INFO] The baseSleepTimeMs [1000] the maxSleepTimeMs [30000] the maxRetries [5]
2015-02-13T17:25:20.384-0500 o.a.s.c.f.i.CuratorFrameworkImpl [INFO] Starting
2015-02-13T17:25:20.387-0500 o.a.s.z.ZooKeeper [INFO] Initiating client connection, connectString=localhost:2181/storm sessionTimeout=20000 watcher=org.apache.storm.curator.ConnectionState@47a6e825
2015-02-13T17:25:20.389-0500 o.a.s.z.ClientCnxn [INFO] Opening socket connection to server localhost/127.0.0.1:2181. Will not attempt to authenticate using SASL (unknown error)
2015-02-13T17:25:20.390-0500 o.a.s.z.ClientCnxn [INFO] Socket connection established to localhost/127.0.0.1:2181, initiating session
2015-02-13T17:25:20.428-0500 o.a.s.z.ClientCnxn [INFO] Session establishment complete on server localhost/127.0.0.1:2181, sessionid = 0x14b850b43fd0001, negotiated timeout = 20000
2015-02-13T17:25:20.430-0500 o.a.s.c.f.s.ConnectionStateManager [INFO] State change: CONNECTED
2015-02-13T17:25:20.633-0500 b.s.d.nimbus [INFO] Starting Nimbus server...
2015-02-13T17:33:13.402-0500 b.s.d.nimbus [INFO] Shutting down master
2015-02-13T17:37:13.286-0500 o.a.s.z.ZooKeeper [INFO] Client environment:zookeeper.version=3.4.6-1569965, built on 02/20/2014 09:09 GMT
2015-02-13T17:37:13.379-0500 o.a.s.z.ZooKeeper [INFO] Client environment:host.name=parth-VirtualBox
2015-02-13T17:37:13.379-0500 o.a.s.z.ZooKeeper [INFO] Client environment:java.version=1.7.0_76
2015-02-13T17:37:13.379-0500 o.a.s.z.ZooKeeper [INFO] Client environment:java.vendor=Oracle Corporation
2015-02-13T17:37:13.379-0500 o.a.s.z.ZooKeeper [INFO] Client environment:java.home=/usr/lib/jvm/java-7-oracle/jre
2015-02-13T17:37:13.379-0500 o.a.s.z.ZooKeeper [INFO] Client environment:java.class.path=/home/parth/git/apache-storm-0.9.3/lib/core.incubator-0.1.0.jar:/home/parth/git/apache-storm-0.9.3/lib/compojure-1.1.3.jar:/home/parth/git/apache-storm-0.9.3/lib/asm-4.0.jar:/home/parth/git/apache-storm-0.9.3/lib/jetty-util-6.1.26.jar:/home/parth/git/apache-storm-0.9.3/lib/log4j-over-slf4j-1.6.6.jar:/home/parth/git/apache-storm-0.9.3/lib/logback-core-1.0.13.jar:/home/parth/git/apache-storm-0.9.3/lib/logback-classic-1.0.13.jar:/home/parth/git/apache-storm-0.9.3/lib/reflectasm-1.07-shaded.jar:/home/parth/git/apache-storm-0.9.3/lib/clj-stacktrace-0.2.2.jar:/home/parth/git/apache-storm-0.9.3/lib/clj-time-0.4.1.jar:/home/parth/git/apache-storm-0.9.3/lib/jline-2.11.jar:/home/parth/git/apache-storm-0.9.3/lib/carbonite-1.4.0.jar:/home/parth/git/apache-storm-0.9.3/lib/objenesis-1.2.jar:/home/parth/git/apache-storm-0.9.3/lib/commons-logging-1.1.3.jar:/home/parth/git/apache-storm-0.9.3/lib/json-simple-1.1.jar:/home/parth/git/apache-storm-0.9.3/lib/clout-1.0.1.jar:/home/parth/git/apache-storm-0.9.3/lib/disruptor-2.10.1.jar:/home/parth/git/apache-storm-0.9.3/lib/tools.macro-0.1.0.jar:/home/parth/git/apache-storm-0.9.3/lib/storm-core-0.9.3.jar:/home/parth/git/apache-storm-0.9.3/lib/commons-fileupload-1.2.1.jar:/home/parth/git/apache-storm-0.9.3/lib/joda-time-2.0.jar:/home/parth/git/apache-storm-0.9.3/lib/snakeyaml-1.11.jar:/home/parth/git/apache-storm-0.9.3/lib/slf4j-api-1.7.5.jar:/home/parth/git/apache-storm-0.9.3/lib/clojure-1.5.1.jar:/home/parth/git/apache-storm-0.9.3/lib/kryo-2.21.jar:/home/parth/git/apache-storm-0.9.3/lib/commons-lang-2.5.jar:/home/parth/git/apache-storm-0.9.3/lib/ring-jetty-adapter-0.3.11.jar:/home/parth/git/apache-storm-0.9.3/lib/tools.cli-0.2.4.jar:/home/parth/git/apache-storm-0.9.3/lib/jgrapht-core-0.9.0.jar:/home/parth/git/apache-storm-0.9.3/lib/minlog-1.2.jar:/home/parth/git/apache-storm-0.9.3/lib/chill-java-0.3.5.jar:/home/parth/git/apache-storm-0.9.3/lib/tools.logging-0.2.3.jar:/home/parth/git/apache-storm-0.9.3/lib/servlet-api-2.5.jar:/home/parth/git/apache-storm-0.9.3/lib/ring-core-1.1.5.jar:/home/parth/git/apache-storm-0.9.3/lib/commons-codec-1.6.jar:/home/parth/git/apache-storm-0.9.3/lib/jetty-6.1.26.jar:/home/parth/git/apache-storm-0.9.3/lib/commons-io-2.4.jar:/home/parth/git/apache-storm-0.9.3/lib/commons-exec-1.1.jar:/home/parth/git/apache-storm-0.9.3/lib/math.numeric-tower-0.0.1.jar:/home/parth/git/apache-storm-0.9.3/lib/ring-devel-0.3.11.jar:/home/parth/git/apache-storm-0.9.3/lib/ring-servlet-0.3.11.jar:/home/parth/git/apache-storm-0.9.3/lib/hiccup-0.3.6.jar:/home/parth/git/apache-storm-0.9.3/conf
2015-02-13T17:37:13.380-0500 o.a.s.z.ZooKeeper [INFO] Client environment:java.library.path=/usr/local/lib:/opt/local/lib:/usr/lib
2015-02-13T17:37:13.380-0500 o.a.s.z.ZooKeeper [INFO] Client environment:java.io.tmpdir=/tmp
2015-02-13T17:37:13.380-0500 o.a.s.z.ZooKeeper [INFO] Client environment:java.compiler=<NA>
2015-02-13T17:37:13.380-0500 o.a.s.z.ZooKeeper [INFO] Client environment:os.name=Linux
2015-02-13T17:37:13.380-0500 o.a.s.z.ZooKeeper [INFO] Client environment:os.arch=amd64
2015-02-13T17:37:13.380-0500 o.a.s.z.ZooKeeper [INFO] Client environment:os.version=3.13.0-45-generic
2015-02-13T17:37:13.380-0500 o.a.s.z.ZooKeeper [INFO] Client environment:user.name=parth
2015-02-13T17:37:13.380-0500 o.a.s.z.ZooKeeper [INFO] Client environment:user.home=/home/parth
2015-02-13T17:37:13.380-0500 o.a.s.z.ZooKeeper [INFO] Client environment:user.dir=/home/parth
2015-02-13T17:37:13.393-0500 o.a.s.z.s.ZooKeeperServer [INFO] Server environment:zookeeper.version=3.4.6-1569965, built on 02/20/2014 09:09 GMT
2015-02-13T17:37:13.393-0500 o.a.s.z.s.ZooKeeperServer [INFO] Server environment:host.name=parth-VirtualBox
2015-02-13T17:37:13.393-0500 o.a.s.z.s.ZooKeeperServer [INFO] Server environment:java.version=1.7.0_76
2015-02-13T17:37:13.393-0500 o.a.s.z.s.ZooKeeperServer [INFO] Server environment:java.vendor=Oracle Corporation
2015-02-13T17:37:13.393-0500 o.a.s.z.s.ZooKeeperServer [INFO] Server environment:java.home=/usr/lib/jvm/java-7-oracle/jre
2015-02-13T17:37:13.393-0500 o.a.s.z.s.ZooKeeperServer [INFO] Server environment:java.class.path=/home/parth/git/apache-storm-0.9.3/lib/core.incubator-0.1.0.jar:/home/parth/git/apache-storm-0.9.3/lib/compojure-1.1.3.jar:/home/parth/git/apache-storm-0.9.3/lib/asm-4.0.jar:/home/parth/git/apache-storm-0.9.3/lib/jetty-util-6.1.26.jar:/home/parth/git/apache-storm-0.9.3/lib/log4j-over-slf4j-1.6.6.jar:/home/parth/git/apache-storm-0.9.3/lib/logback-core-1.0.13.jar:/home/parth/git/apache-storm-0.9.3/lib/logback-classic-1.0.13.jar:/home/parth/git/apache-storm-0.9.3/lib/reflectasm-1.07-shaded.jar:/home/parth/git/apache-storm-0.9.3/lib/clj-stacktrace-0.2.2.jar:/home/parth/git/apache-storm-0.9.3/lib/clj-time-0.4.1.jar:/home/parth/git/apache-storm-0.9.3/lib/jline-2.11.jar:/home/parth/git/apache-storm-0.9.3/lib/carbonite-1.4.0.jar:/home/parth/git/apache-storm-0.9.3/lib/objenesis-1.2.jar:/home/parth/git/apache-storm-0.9.3/lib/commons-logging-1.1.3.jar:/home/parth/git/apache-storm-0.9.3/lib/json-simple-1.1.jar:/home/parth/git/apache-storm-0.9.3/lib/clout-1.0.1.jar:/home/parth/git/apache-storm-0.9.3/lib/disruptor-2.10.1.jar:/home/parth/git/apache-storm-0.9.3/lib/tools.macro-0.1.0.jar:/home/parth/git/apache-storm-0.9.3/lib/storm-core-0.9.3.jar:/home/parth/git/apache-storm-0.9.3/lib/commons-fileupload-1.2.1.jar:/home/parth/git/apache-storm-0.9.3/lib/joda-time-2.0.jar:/home/parth/git/apache-storm-0.9.3/lib/snakeyaml-1.11.jar:/home/parth/git/apache-storm-0.9.3/lib/slf4j-api-1.7.5.jar:/home/parth/git/apache-storm-0.9.3/lib/clojure-1.5.1.jar:/home/parth/git/apache-storm-0.9.3/lib/kryo-2.21.jar:/home/parth/git/apache-storm-0.9.3/lib/commons-lang-2.5.jar:/home/parth/git/apache-storm-0.9.3/lib/ring-jetty-adapter-0.3.11.jar:/home/parth/git/apache-storm-0.9.3/lib/tools.cli-0.2.4.jar:/home/parth/git/apache-storm-0.9.3/lib/jgrapht-core-0.9.0.jar:/home/parth/git/apache-storm-0.9.3/lib/minlog-1.2.jar:/home/parth/git/apache-storm-0.9.3/lib/chill-java-0.3.5.jar:/home/parth/git/apache-storm-0.9.3/lib/tools.logging-0.2.3.jar:/home/parth/git/apache-storm-0.9.3/lib/servlet-api-2.5.jar:/home/parth/git/apache-storm-0.9.3/lib/ring-core-1.1.5.jar:/home/parth/git/apache-storm-0.9.3/lib/commons-codec-1.6.jar:/home/parth/git/apache-storm-0.9.3/lib/jetty-6.1.26.jar:/home/parth/git/apache-storm-0.9.3/lib/commons-io-2.4.jar:/home/parth/git/apache-storm-0.9.3/lib/commons-exec-1.1.jar:/home/parth/git/apache-storm-0.9.3/lib/math.numeric-tower-0.0.1.jar:/home/parth/git/apache-storm-0.9.3/lib/ring-devel-0.3.11.jar:/home/parth/git/apache-storm-0.9.3/lib/ring-servlet-0.3.11.jar:/home/parth/git/apache-storm-0.9.3/lib/hiccup-0.3.6.jar:/home/parth/git/apache-storm-0.9.3/conf
2015-02-13T17:37:13.393-0500 o.a.s.z.s.ZooKeeperServer [INFO] Server environment:java.library.path=/usr/local/lib:/opt/local/lib:/usr/lib
2015-02-13T17:37:13.393-0500 o.a.s.z.s.ZooKeeperServer [INFO] Server environment:java.io.tmpdir=/tmp
2015-02-13T17:37:13.393-0500 o.a.s.z.s.ZooKeeperServer [INFO] Server environment:java.compiler=<NA>
2015-02-13T17:37:13.393-0500 o.a.s.z.s.ZooKeeperServer [INFO] Server environment:os.name=Linux
2015-02-13T17:37:13.393-0500 o.a.s.z.s.ZooKeeperServer [INFO] Server environment:os.arch=amd64
2015-02-13T17:37:13.393-0500 o.a.s.z.s.ZooKeeperServer [INFO] Server environment:os.version=3.13.0-45-generic
2015-02-13T17:37:13.393-0500 o.a.s.z.s.ZooKeeperServer [INFO] Server environment:user.name=parth
2015-02-13T17:37:13.393-0500 o.a.s.z.s.ZooKeeperServer [INFO] Server environment:user.home=/home/parth
2015-02-13T17:37:13.393-0500 o.a.s.z.s.ZooKeeperServer [INFO] Server environment:user.dir=/home/parth
2015-02-13T17:37:13.960-0500 b.s.d.nimbus [INFO] Starting Nimbus with conf {"dev.zookeeper.path" "/tmp/dev-storm-zookeeper", "topology.tick.tuple.freq.secs" nil, "topology.builtin.metrics.bucket.size.secs" 60, "topology.fall.back.on.java.serialization" true, "topology.max.error.report.per.interval" 5, "zmq.linger.millis" 5000, "topology.skip.missing.kryo.registrations" false, "storm.messaging.netty.client_worker_threads" 1, "ui.childopts" "-Xmx768m", "storm.zookeeper.session.timeout" 20000, "nimbus.reassign" true, "topology.trident.batch.emit.interval.millis" 500, "storm.messaging.netty.flush.check.interval.ms" 10, "nimbus.monitor.freq.secs" 10, "logviewer.childopts" "-Xmx128m", "java.library.path" "/usr/local/lib:/opt/local/lib:/usr/lib", "topology.executor.send.buffer.size" 1024, "storm.local.dir" "storm-local", "storm.messaging.netty.buffer_size" 5242880, "supervisor.worker.start.timeout.secs" 120, "topology.enable.message.timeouts" true, "nimbus.cleanup.inbox.freq.secs" 600, "nimbus.inbox.jar.expiration.secs" 3600, "drpc.worker.threads" 64, "storm.meta.serialization.delegate" "backtype.storm.serialization.DefaultSerializationDelegate", "topology.worker.shared.thread.pool.size" 4, "nimbus.host" "localhost", "storm.messaging.netty.min_wait_ms" 100, "storm.zookeeper.port" 2181, "transactional.zookeeper.port" nil, "topology.executor.receive.buffer.size" 1024, "transactional.zookeeper.servers" nil, "storm.zookeeper.root" "/storm", "storm.zookeeper.retry.intervalceiling.millis" 30000, "supervisor.enable" true, "storm.messaging.netty.server_worker_threads" 1, "storm.zookeeper.servers" ["localhost"], "transactional.zookeeper.root" "/transactional", "topology.acker.executors" nil, "topology.transfer.buffer.size" 1024, "topology.worker.childopts" nil, "drpc.queue.size" 128, "worker.childopts" "-Xmx768m", "supervisor.heartbeat.frequency.secs" 5, "topology.error.throttle.interval.secs" 10, "zmq.hwm" 0, "drpc.port" 3772, "supervisor.monitor.frequency.secs" 3, "drpc.childopts" "-Xmx768m", "topology.receiver.buffer.size" 8, "task.heartbeat.frequency.secs" 3, "topology.tasks" nil, "storm.messaging.netty.max_retries" 300, "topology.spout.wait.strategy" "backtype.storm.spout.SleepSpoutWaitStrategy", "nimbus.thrift.max_buffer_size" 1048576, "topology.max.spout.pending" nil, "storm.zookeeper.retry.interval" 1000, "topology.sleep.spout.wait.strategy.time.ms" 1, "nimbus.topology.validator" "backtype.storm.nimbus.DefaultTopologyValidator", "supervisor.slots.ports" [6700 6701 6702 6703], "topology.environment" nil, "topology.debug" false, "nimbus.task.launch.secs" 120, "nimbus.supervisor.timeout.secs" 60, "topology.message.timeout.secs" 30, "task.refresh.poll.secs" 10, "topology.workers" 1, "supervisor.childopts" "-Xmx256m", "nimbus.thrift.port" 6627, "topology.stats.sample.rate" 0.05, "worker.heartbeat.frequency.secs" 1, "topology.tuple.serializer" "backtype.storm.serialization.types.ListDelegateSerializer", "topology.disruptor.wait.strategy" "com.lmax.disruptor.BlockingWaitStrategy", "topology.multilang.serializer" "backtype.storm.multilang.JsonSerializer", "nimbus.task.timeout.secs" 30, "storm.zookeeper.connection.timeout" 15000, "topology.kryo.factory" "backtype.storm.serialization.DefaultKryoFactory", "drpc.invocations.port" 3773, "logviewer.port" 8000, "zmq.threads" 1, "storm.zookeeper.retry.times" 5, "topology.worker.receiver.thread.count" 1, "storm.thrift.transport" "backtype.storm.security.auth.SimpleTransportPlugin", "topology.state.synchronization.timeout.secs" 60, "supervisor.worker.timeout.secs" 30, "nimbus.file.copy.expiration.secs" 600, "storm.messaging.transport" "backtype.storm.messaging.netty.Context", "logviewer.appender.name" "A1", "storm.messaging.netty.max_wait_ms" 1000, "drpc.request.timeout.secs" 600, "storm.local.mode.zmq" false, "ui.port" 8080, "nimbus.childopts" "-Xmx1024m", "storm.cluster.mode" "distributed", "topology.max.task.parallelism" nil, "storm.messaging.netty.transfer.batch.size" 262144, "topology.classpath" nil}
2015-02-13T17:37:13.966-0500 b.s.d.nimbus [INFO] Using default scheduler
2015-02-13T17:37:14.002-0500 b.s.u.StormBoundedExponentialBackoffRetry [INFO] The baseSleepTimeMs [1000] the maxSleepTimeMs [30000] the maxRetries [5]
2015-02-13T17:37:14.228-0500 o.a.s.c.f.i.CuratorFrameworkImpl [INFO] Starting
2015-02-13T17:37:14.231-0500 o.a.s.z.ZooKeeper [INFO] Initiating client connection, connectString=localhost:2181 sessionTimeout=20000 watcher=org.apache.storm.curator.ConnectionState@4b71e076
2015-02-13T17:37:14.252-0500 o.a.s.z.ClientCnxn [INFO] Opening socket connection to server localhost/127.0.0.1:2181. Will not attempt to authenticate using SASL (unknown error)
2015-02-13T17:37:14.274-0500 o.a.s.z.ClientCnxn [INFO] Socket connection established to localhost/127.0.0.1:2181, initiating session
2015-02-13T17:37:14.365-0500 o.a.s.z.ClientCnxn [INFO] Session establishment complete on server localhost/127.0.0.1:2181, sessionid = 0x14b851618920000, negotiated timeout = 20000
2015-02-13T17:37:14.367-0500 o.a.s.c.f.s.ConnectionStateManager [INFO] State change: CONNECTED
2015-02-13T17:37:14.369-0500 b.s.zookeeper [INFO] Zookeeper state update: :connected:none
2015-02-13T17:37:15.458-0500 o.a.s.z.ClientCnxn [INFO] EventThread shut down
2015-02-13T17:37:15.458-0500 o.a.s.z.ZooKeeper [INFO] Session: 0x14b851618920000 closed
2015-02-13T17:37:15.460-0500 b.s.u.StormBoundedExponentialBackoffRetry [INFO] The baseSleepTimeMs [1000] the maxSleepTimeMs [30000] the maxRetries [5]
2015-02-13T17:37:15.460-0500 o.a.s.c.f.i.CuratorFrameworkImpl [INFO] Starting
2015-02-13T17:37:15.460-0500 o.a.s.z.ZooKeeper [INFO] Initiating client connection, connectString=localhost:2181/storm sessionTimeout=20000 watcher=org.apache.storm.curator.ConnectionState@690aa2da
2015-02-13T17:37:15.465-0500 o.a.s.z.ClientCnxn [INFO] Opening socket connection to server localhost/127.0.0.1:2181. Will not attempt to authenticate using SASL (unknown error)
2015-02-13T17:37:15.465-0500 o.a.s.z.ClientCnxn [INFO] Socket connection established to localhost/127.0.0.1:2181, initiating session
2015-02-13T17:37:15.486-0500 o.a.s.z.ClientCnxn [INFO] Session establishment complete on server localhost/127.0.0.1:2181, sessionid = 0x14b851618920001, negotiated timeout = 20000
2015-02-13T17:37:15.486-0500 o.a.s.c.f.s.ConnectionStateManager [INFO] State change: CONNECTED
2015-02-13T17:37:15.703-0500 b.s.d.nimbus [INFO] Starting Nimbus server...
2015-02-13T17:42:39.996-0500 o.a.s.z.ClientCnxn [INFO] Client session timed out, have not heard from server in 196641ms for sessionid 0x14b851618920001, closing socket connection and attempting reconnect
2015-02-13T17:42:40.100-0500 b.s.d.nimbus [INFO] Shutting down master
2015-02-13T17:42:40.173-0500 o.a.s.z.ClientCnxn [INFO] EventThread shut down
2015-02-13T17:42:40.174-0500 o.a.s.z.ZooKeeper [INFO] Session: 0x14b851618920001 closed
2015-02-13T17:42:40.175-0500 b.s.d.nimbus [INFO] Shut down master
2015-02-13T17:43:06.699-0500 o.a.s.z.ZooKeeper [INFO] Client environment:zookeeper.version=3.4.6-1569965, built on 02/20/2014 09:09 GMT
2015-02-13T17:43:06.708-0500 o.a.s.z.ZooKeeper [INFO] Client environment:host.name=parth-VirtualBox
2015-02-13T17:43:06.708-0500 o.a.s.z.ZooKeeper [INFO] Client environment:java.version=1.7.0_76
2015-02-13T17:43:06.709-0500 o.a.s.z.ZooKeeper [INFO] Client environment:java.vendor=Oracle Corporation
2015-02-13T17:43:06.709-0500 o.a.s.z.ZooKeeper [INFO] Client environment:java.home=/usr/lib/jvm/java-7-oracle/jre
2015-02-13T17:43:06.709-0500 o.a.s.z.ZooKeeper [INFO] Client environment:java.class.path=/home/parth/git/apache-storm-0.9.3/lib/core.incubator-0.1.0.jar:/home/parth/git/apache-storm-0.9.3/lib/compojure-1.1.3.jar:/home/parth/git/apache-storm-0.9.3/lib/asm-4.0.jar:/home/parth/git/apache-storm-0.9.3/lib/jetty-util-6.1.26.jar:/home/parth/git/apache-storm-0.9.3/lib/log4j-over-slf4j-1.6.6.jar:/home/parth/git/apache-storm-0.9.3/lib/logback-core-1.0.13.jar:/home/parth/git/apache-storm-0.9.3/lib/logback-classic-1.0.13.jar:/home/parth/git/apache-storm-0.9.3/lib/reflectasm-1.07-shaded.jar:/home/parth/git/apache-storm-0.9.3/lib/clj-stacktrace-0.2.2.jar:/home/parth/git/apache-storm-0.9.3/lib/clj-time-0.4.1.jar:/home/parth/git/apache-storm-0.9.3/lib/jline-2.11.jar:/home/parth/git/apache-storm-0.9.3/lib/carbonite-1.4.0.jar:/home/parth/git/apache-storm-0.9.3/lib/objenesis-1.2.jar:/home/parth/git/apache-storm-0.9.3/lib/commons-logging-1.1.3.jar:/home/parth/git/apache-storm-0.9.3/lib/json-simple-1.1.jar:/home/parth/git/apache-storm-0.9.3/lib/clout-1.0.1.jar:/home/parth/git/apache-storm-0.9.3/lib/disruptor-2.10.1.jar:/home/parth/git/apache-storm-0.9.3/lib/tools.macro-0.1.0.jar:/home/parth/git/apache-storm-0.9.3/lib/storm-core-0.9.3.jar:/home/parth/git/apache-storm-0.9.3/lib/commons-fileupload-1.2.1.jar:/home/parth/git/apache-storm-0.9.3/lib/joda-time-2.0.jar:/home/parth/git/apache-storm-0.9.3/lib/snakeyaml-1.11.jar:/home/parth/git/apache-storm-0.9.3/lib/slf4j-api-1.7.5.jar:/home/parth/git/apache-storm-0.9.3/lib/clojure-1.5.1.jar:/home/parth/git/apache-storm-0.9.3/lib/kryo-2.21.jar:/home/parth/git/apache-storm-0.9.3/lib/commons-lang-2.5.jar:/home/parth/git/apache-storm-0.9.3/lib/ring-jetty-adapter-0.3.11.jar:/home/parth/git/apache-storm-0.9.3/lib/tools.cli-0.2.4.jar:/home/parth/git/apache-storm-0.9.3/lib/jgrapht-core-0.9.0.jar:/home/parth/git/apache-storm-0.9.3/lib/minlog-1.2.jar:/home/parth/git/apache-storm-0.9.3/lib/chill-java-0.3.5.jar:/home/parth/git/apache-storm-0.9.3/lib/tools.logging-0.2.3.jar:/home/parth/git/apache-storm-0.9.3/lib/servlet-api-2.5.jar:/home/parth/git/apache-storm-0.9.3/lib/ring-core-1.1.5.jar:/home/parth/git/apache-storm-0.9.3/lib/commons-codec-1.6.jar:/home/parth/git/apache-storm-0.9.3/lib/jetty-6.1.26.jar:/home/parth/git/apache-storm-0.9.3/lib/commons-io-2.4.jar:/home/parth/git/apache-storm-0.9.3/lib/commons-exec-1.1.jar:/home/parth/git/apache-storm-0.9.3/lib/math.numeric-tower-0.0.1.jar:/home/parth/git/apache-storm-0.9.3/lib/ring-devel-0.3.11.jar:/home/parth/git/apache-storm-0.9.3/lib/ring-servlet-0.3.11.jar:/home/parth/git/apache-storm-0.9.3/lib/hiccup-0.3.6.jar:/home/parth/git/apache-storm-0.9.3/conf
2015-02-13T17:43:06.709-0500 o.a.s.z.ZooKeeper [INFO] Client environment:java.library.path=/usr/local/lib:/opt/local/lib:/usr/lib
2015-02-13T17:43:06.709-0500 o.a.s.z.ZooKeeper [INFO] Client environment:java.io.tmpdir=/tmp
2015-02-13T17:43:06.709-0500 o.a.s.z.ZooKeeper [INFO] Client environment:java.compiler=<NA>
2015-02-13T17:43:06.709-0500 o.a.s.z.ZooKeeper [INFO] Client environment:os.name=Linux
2015-02-13T17:43:06.709-0500 o.a.s.z.ZooKeeper [INFO] Client environment:os.arch=amd64
2015-02-13T17:43:06.709-0500 o.a.s.z.ZooKeeper [INFO] Client environment:os.version=3.13.0-45-generic
2015-02-13T17:43:06.709-0500 o.a.s.z.ZooKeeper [INFO] Client environment:user.name=parth
2015-02-13T17:43:06.709-0500 o.a.s.z.ZooKeeper [INFO] Client environment:user.home=/home/parth
2015-02-13T17:43:06.710-0500 o.a.s.z.ZooKeeper [INFO] Client environment:user.dir=/home/parth
2015-02-13T17:43:06.750-0500 o.a.s.z.s.ZooKeeperServer [INFO] Server environment:zookeeper.version=3.4.6-1569965, built on 02/20/2014 09:09 GMT
2015-02-13T17:43:06.750-0500 o.a.s.z.s.ZooKeeperServer [INFO] Server environment:host.name=parth-VirtualBox
2015-02-13T17:43:06.750-0500 o.a.s.z.s.ZooKeeperServer [INFO] Server environment:java.version=1.7.0_76
2015-02-13T17:43:06.750-0500 o.a.s.z.s.ZooKeeperServer [INFO] Server environment:java.vendor=Oracle Corporation
2015-02-13T17:43:06.750-0500 o.a.s.z.s.ZooKeeperServer [INFO] Server environment:java.home=/usr/lib/jvm/java-7-oracle/jre
2015-02-13T17:43:06.750-0500 o.a.s.z.s.ZooKeeperServer [INFO] Server environment:java.class.path=/home/parth/git/apache-storm-0.9.3/lib/core.incubator-0.1.0.jar:/home/parth/git/apache-storm-0.9.3/lib/compojure-1.1.3.jar:/home/parth/git/apache-storm-0.9.3/lib/asm-4.0.jar:/home/parth/git/apache-storm-0.9.3/lib/jetty-util-6.1.26.jar:/home/parth/git/apache-storm-0.9.3/lib/log4j-over-slf4j-1.6.6.jar:/home/parth/git/apache-storm-0.9.3/lib/logback-core-1.0.13.jar:/home/parth/git/apache-storm-0.9.3/lib/logback-classic-1.0.13.jar:/home/parth/git/apache-storm-0.9.3/lib/reflectasm-1.07-shaded.jar:/home/parth/git/apache-storm-0.9.3/lib/clj-stacktrace-0.2.2.jar:/home/parth/git/apache-storm-0.9.3/lib/clj-time-0.4.1.jar:/home/parth/git/apache-storm-0.9.3/lib/jline-2.11.jar:/home/parth/git/apache-storm-0.9.3/lib/carbonite-1.4.0.jar:/home/parth/git/apache-storm-0.9.3/lib/objenesis-1.2.jar:/home/parth/git/apache-storm-0.9.3/lib/commons-logging-1.1.3.jar:/home/parth/git/apache-storm-0.9.3/lib/json-simple-1.1.jar:/home/parth/git/apache-storm-0.9.3/lib/clout-1.0.1.jar:/home/parth/git/apache-storm-0.9.3/lib/disruptor-2.10.1.jar:/home/parth/git/apache-storm-0.9.3/lib/tools.macro-0.1.0.jar:/home/parth/git/apache-storm-0.9.3/lib/storm-core-0.9.3.jar:/home/parth/git/apache-storm-0.9.3/lib/commons-fileupload-1.2.1.jar:/home/parth/git/apache-storm-0.9.3/lib/joda-time-2.0.jar:/home/parth/git/apache-storm-0.9.3/lib/snakeyaml-1.11.jar:/home/parth/git/apache-storm-0.9.3/lib/slf4j-api-1.7.5.jar:/home/parth/git/apache-storm-0.9.3/lib/clojure-1.5.1.jar:/home/parth/git/apache-storm-0.9.3/lib/kryo-2.21.jar:/home/parth/git/apache-storm-0.9.3/lib/commons-lang-2.5.jar:/home/parth/git/apache-storm-0.9.3/lib/ring-jetty-adapter-0.3.11.jar:/home/parth/git/apache-storm-0.9.3/lib/tools.cli-0.2.4.jar:/home/parth/git/apache-storm-0.9.3/lib/jgrapht-core-0.9.0.jar:/home/parth/git/apache-storm-0.9.3/lib/minlog-1.2.jar:/home/parth/git/apache-storm-0.9.3/lib/chill-java-0.3.5.jar:/home/parth/git/apache-storm-0.9.3/lib/tools.logging-0.2.3.jar:/home/parth/git/apache-storm-0.9.3/lib/servlet-api-2.5.jar:/home/parth/git/apache-storm-0.9.3/lib/ring-core-1.1.5.jar:/home/parth/git/apache-storm-0.9.3/lib/commons-codec-1.6.jar:/home/parth/git/apache-storm-0.9.3/lib/jetty-6.1.26.jar:/home/parth/git/apache-storm-0.9.3/lib/commons-io-2.4.jar:/home/parth/git/apache-storm-0.9.3/lib/commons-exec-1.1.jar:/home/parth/git/apache-storm-0.9.3/lib/math.numeric-tower-0.0.1.jar:/home/parth/git/apache-storm-0.9.3/lib/ring-devel-0.3.11.jar:/home/parth/git/apache-storm-0.9.3/lib/ring-servlet-0.3.11.jar:/home/parth/git/apache-storm-0.9.3/lib/hiccup-0.3.6.jar:/home/parth/git/apache-storm-0.9.3/conf
2015-02-13T17:43:06.750-0500 o.a.s.z.s.ZooKeeperServer [INFO] Server environment:java.library.path=/usr/local/lib:/opt/local/lib:/usr/lib
2015-02-13T17:43:06.750-0500 o.a.s.z.s.ZooKeeperServer [INFO] Server environment:java.io.tmpdir=/tmp
2015-02-13T17:43:06.750-0500 o.a.s.z.s.ZooKeeperServer [INFO] Server environment:java.compiler=<NA>
2015-02-13T17:43:06.750-0500 o.a.s.z.s.ZooKeeperServer [INFO] Server environment:os.name=Linux
2015-02-13T17:43:06.750-0500 o.a.s.z.s.ZooKeeperServer [INFO] Server environment:os.arch=amd64
2015-02-13T17:43:06.750-0500 o.a.s.z.s.ZooKeeperServer [INFO] Server environment:os.version=3.13.0-45-generic
2015-02-13T17:43:06.750-0500 o.a.s.z.s.ZooKeeperServer [INFO] Server environment:user.name=parth
2015-02-13T17:43:06.750-0500 o.a.s.z.s.ZooKeeperServer [INFO] Server environment:user.home=/home/parth
2015-02-13T17:43:06.750-0500 o.a.s.z.s.ZooKeeperServer [INFO] Server environment:user.dir=/home/parth
2015-02-13T17:43:07.377-0500 b.s.d.nimbus [INFO] Starting Nimbus with conf {"dev.zookeeper.path" "/tmp/dev-storm-zookeeper", "topology.tick.tuple.freq.secs" nil, "topology.builtin.metrics.bucket.size.secs" 60, "topology.fall.back.on.java.serialization" true, "topology.max.error.report.per.interval" 5, "zmq.linger.millis" 5000, "topology.skip.missing.kryo.registrations" false, "storm.messaging.netty.client_worker_threads" 1, "ui.childopts" "-Xmx768m", "storm.zookeeper.session.timeout" 20000, "nimbus.reassign" true, "topology.trident.batch.emit.interval.millis" 500, "storm.messaging.netty.flush.check.interval.ms" 10, "nimbus.monitor.freq.secs" 10, "logviewer.childopts" "-Xmx128m", "java.library.path" "/usr/local/lib:/opt/local/lib:/usr/lib", "topology.executor.send.buffer.size" 1024, "storm.local.dir" "storm-local", "storm.messaging.netty.buffer_size" 5242880, "supervisor.worker.start.timeout.secs" 120, "topology.enable.message.timeouts" true, "nimbus.cleanup.inbox.freq.secs" 600, "nimbus.inbox.jar.expiration.secs" 3600, "drpc.worker.threads" 64, "storm.meta.serialization.delegate" "backtype.storm.serialization.DefaultSerializationDelegate", "topology.worker.shared.thread.pool.size" 4, "nimbus.host" "localhost", "storm.messaging.netty.min_wait_ms" 100, "storm.zookeeper.port" 2181, "transactional.zookeeper.port" nil, "topology.executor.receive.buffer.size" 1024, "transactional.zookeeper.servers" nil, "storm.zookeeper.root" "/storm", "storm.zookeeper.retry.intervalceiling.millis" 30000, "supervisor.enable" true, "storm.messaging.netty.server_worker_threads" 1, "storm.zookeeper.servers" ["localhost"], "transactional.zookeeper.root" "/transactional", "topology.acker.executors" nil, "topology.transfer.buffer.size" 1024, "topology.worker.childopts" nil, "drpc.queue.size" 128, "worker.childopts" "-Xmx768m", "supervisor.heartbeat.frequency.secs" 5, "topology.error.throttle.interval.secs" 10, "zmq.hwm" 0, "drpc.port" 3772, "supervisor.monitor.frequency.secs" 3, "drpc.childopts" "-Xmx768m", "topology.receiver.buffer.size" 8, "task.heartbeat.frequency.secs" 3, "topology.tasks" nil, "storm.messaging.netty.max_retries" 300, "topology.spout.wait.strategy" "backtype.storm.spout.SleepSpoutWaitStrategy", "nimbus.thrift.max_buffer_size" 1048576, "topology.max.spout.pending" nil, "storm.zookeeper.retry.interval" 1000, "topology.sleep.spout.wait.strategy.time.ms" 1, "nimbus.topology.validator" "backtype.storm.nimbus.DefaultTopologyValidator", "supervisor.slots.ports" [6700 6701 6702 6703], "topology.environment" nil, "topology.debug" false, "nimbus.task.launch.secs" 120, "nimbus.supervisor.timeout.secs" 60, "topology.message.timeout.secs" 30, "task.refresh.poll.secs" 10, "topology.workers" 1, "supervisor.childopts" "-Xmx256m", "nimbus.thrift.port" 6627, "topology.stats.sample.rate" 0.05, "worker.heartbeat.frequency.secs" 1, "topology.tuple.serializer" "backtype.storm.serialization.types.ListDelegateSerializer", "topology.disruptor.wait.strategy" "com.lmax.disruptor.BlockingWaitStrategy", "topology.multilang.serializer" "backtype.storm.multilang.JsonSerializer", "nimbus.task.timeout.secs" 30, "storm.zookeeper.connection.timeout" 15000, "topology.kryo.factory" "backtype.storm.serialization.DefaultKryoFactory", "drpc.invocations.port" 3773, "logviewer.port" 8000, "zmq.threads" 1, "storm.zookeeper.retry.times" 5, "topology.worker.receiver.thread.count" 1, "storm.thrift.transport" "backtype.storm.security.auth.SimpleTransportPlugin", "topology.state.synchronization.timeout.secs" 60, "supervisor.worker.timeout.secs" 30, "nimbus.file.copy.expiration.secs" 600, "storm.messaging.transport" "backtype.storm.messaging.netty.Context", "logviewer.appender.name" "A1", "storm.messaging.netty.max_wait_ms" 1000, "drpc.request.timeout.secs" 600, "storm.local.mode.zmq" false, "ui.port" 8080, "nimbus.childopts" "-Xmx1024m", "storm.cluster.mode" "distributed", "topology.max.task.parallelism" nil, "storm.messaging.netty.transfer.batch.size" 262144, "topology.classpath" nil}
2015-02-13T17:43:07.383-0500 b.s.d.nimbus [INFO] Using default scheduler
2015-02-13T17:43:07.418-0500 b.s.u.StormBoundedExponentialBackoffRetry [INFO] The baseSleepTimeMs [1000] the maxSleepTimeMs [30000] the maxRetries [5]
2015-02-13T17:43:07.877-0500 o.a.s.c.f.i.CuratorFrameworkImpl [INFO] Starting
2015-02-13T17:43:07.884-0500 o.a.s.z.ZooKeeper [INFO] Initiating client connection, connectString=localhost:2181 sessionTimeout=20000 watcher=org.apache.storm.curator.ConnectionState@4b71e076
2015-02-13T17:43:07.964-0500 o.a.s.z.ClientCnxn [INFO] Opening socket connection to server localhost/127.0.0.1:2181. Will not attempt to authenticate using SASL (unknown error)
2015-02-13T17:43:07.996-0500 o.a.s.z.ClientCnxn [INFO] Socket connection established to localhost/127.0.0.1:2181, initiating session
2015-02-13T17:43:08.018-0500 o.a.s.z.ClientCnxn [INFO] Session establishment complete on server localhost/127.0.0.1:2181, sessionid = 0x14b851618920008, negotiated timeout = 20000
2015-02-13T17:43:08.020-0500 o.a.s.c.f.s.ConnectionStateManager [INFO] State change: CONNECTED
2015-02-13T17:43:08.022-0500 b.s.zookeeper [INFO] Zookeeper state update: :connected:none
2015-02-13T17:43:09.107-0500 o.a.s.z.ClientCnxn [INFO] EventThread shut down
2015-02-13T17:43:09.107-0500 o.a.s.z.ZooKeeper [INFO] Session: 0x14b851618920008 closed
2015-02-13T17:43:09.109-0500 b.s.u.StormBoundedExponentialBackoffRetry [INFO] The baseSleepTimeMs [1000] the maxSleepTimeMs [30000] the maxRetries [5]
2015-02-13T17:43:09.109-0500 o.a.s.c.f.i.CuratorFrameworkImpl [INFO] Starting
2015-02-13T17:43:09.110-0500 o.a.s.z.ZooKeeper [INFO] Initiating client connection, connectString=localhost:2181/storm sessionTimeout=20000 watcher=org.apache.storm.curator.ConnectionState@4694ef64
2015-02-13T17:43:09.115-0500 o.a.s.z.ClientCnxn [INFO] Opening socket connection to server localhost/127.0.0.1:2181. Will not attempt to authenticate using SASL (unknown error)
2015-02-13T17:43:09.119-0500 o.a.s.z.ClientCnxn [INFO] Socket connection established to localhost/127.0.0.1:2181, initiating session
2015-02-13T17:43:09.122-0500 o.a.s.z.ClientCnxn [INFO] Session establishment complete on server localhost/127.0.0.1:2181, sessionid = 0x14b851618920009, negotiated timeout = 20000
2015-02-13T17:43:09.123-0500 o.a.s.c.f.s.ConnectionStateManager [INFO] State change: CONNECTED
2015-02-13T17:43:09.316-0500 b.s.d.nimbus [INFO] Starting Nimbus server...
2015-02-13T19:05:59.325-0500 o.a.s.z.ZooKeeper [INFO] Client environment:zookeeper.version=3.4.6-1569965, built on 02/20/2014 09:09 GMT
2015-02-13T19:05:59.337-0500 o.a.s.z.ZooKeeper [INFO] Client environment:host.name=parth-VirtualBox
2015-02-13T19:05:59.337-0500 o.a.s.z.ZooKeeper [INFO] Client environment:java.version=1.7.0_76
2015-02-13T19:05:59.337-0500 o.a.s.z.ZooKeeper [INFO] Client environment:java.vendor=Oracle Corporation
2015-02-13T19:05:59.338-0500 o.a.s.z.ZooKeeper [INFO] Client environment:java.home=/usr/lib/jvm/java-7-oracle/jre
2015-02-13T19:05:59.338-0500 o.a.s.z.ZooKeeper [INFO] Client environment:java.class.path=/home/parth/git/apache-storm-0.9.3/lib/core.incubator-0.1.0.jar:/home/parth/git/apache-storm-0.9.3/lib/compojure-1.1.3.jar:/home/parth/git/apache-storm-0.9.3/lib/asm-4.0.jar:/home/parth/git/apache-storm-0.9.3/lib/jetty-util-6.1.26.jar:/home/parth/git/apache-storm-0.9.3/lib/log4j-over-slf4j-1.6.6.jar:/home/parth/git/apache-storm-0.9.3/lib/logback-core-1.0.13.jar:/home/parth/git/apache-storm-0.9.3/lib/logback-classic-1.0.13.jar:/home/parth/git/apache-storm-0.9.3/lib/reflectasm-1.07-shaded.jar:/home/parth/git/apache-storm-0.9.3/lib/clj-stacktrace-0.2.2.jar:/home/parth/git/apache-storm-0.9.3/lib/clj-time-0.4.1.jar:/home/parth/git/apache-storm-0.9.3/lib/jline-2.11.jar:/home/parth/git/apache-storm-0.9.3/lib/carbonite-1.4.0.jar:/home/parth/git/apache-storm-0.9.3/lib/objenesis-1.2.jar:/home/parth/git/apache-storm-0.9.3/lib/commons-logging-1.1.3.jar:/home/parth/git/apache-storm-0.9.3/lib/json-simple-1.1.jar:/home/parth/git/apache-storm-0.9.3/lib/clout-1.0.1.jar:/home/parth/git/apache-storm-0.9.3/lib/disruptor-2.10.1.jar:/home/parth/git/apache-storm-0.9.3/lib/tools.macro-0.1.0.jar:/home/parth/git/apache-storm-0.9.3/lib/storm-core-0.9.3.jar:/home/parth/git/apache-storm-0.9.3/lib/commons-fileupload-1.2.1.jar:/home/parth/git/apache-storm-0.9.3/lib/joda-time-2.0.jar:/home/parth/git/apache-storm-0.9.3/lib/snakeyaml-1.11.jar:/home/parth/git/apache-storm-0.9.3/lib/slf4j-api-1.7.5.jar:/home/parth/git/apache-storm-0.9.3/lib/clojure-1.5.1.jar:/home/parth/git/apache-storm-0.9.3/lib/kryo-2.21.jar:/home/parth/git/apache-storm-0.9.3/lib/commons-lang-2.5.jar:/home/parth/git/apache-storm-0.9.3/lib/ring-jetty-adapter-0.3.11.jar:/home/parth/git/apache-storm-0.9.3/lib/tools.cli-0.2.4.jar:/home/parth/git/apache-storm-0.9.3/lib/jgrapht-core-0.9.0.jar:/home/parth/git/apache-storm-0.9.3/lib/minlog-1.2.jar:/home/parth/git/apache-storm-0.9.3/lib/chill-java-0.3.5.jar:/home/parth/git/apache-storm-0.9.3/lib/tools.logging-0.2.3.jar:/home/parth/git/apache-storm-0.9.3/lib/servlet-api-2.5.jar:/home/parth/git/apache-storm-0.9.3/lib/ring-core-1.1.5.jar:/home/parth/git/apache-storm-0.9.3/lib/commons-codec-1.6.jar:/home/parth/git/apache-storm-0.9.3/lib/jetty-6.1.26.jar:/home/parth/git/apache-storm-0.9.3/lib/commons-io-2.4.jar:/home/parth/git/apache-storm-0.9.3/lib/commons-exec-1.1.jar:/home/parth/git/apache-storm-0.9.3/lib/math.numeric-tower-0.0.1.jar:/home/parth/git/apache-storm-0.9.3/lib/ring-devel-0.3.11.jar:/home/parth/git/apache-storm-0.9.3/lib/ring-servlet-0.3.11.jar:/home/parth/git/apache-storm-0.9.3/lib/hiccup-0.3.6.jar:/home/parth/git/apache-storm-0.9.3/conf
2015-02-13T19:05:59.338-0500 o.a.s.z.ZooKeeper [INFO] Client environment:java.library.path=/usr/local/lib:/opt/local/lib:/usr/lib
2015-02-13T19:05:59.338-0500 o.a.s.z.ZooKeeper [INFO] Client environment:java.io.tmpdir=/tmp
2015-02-13T19:05:59.338-0500 o.a.s.z.ZooKeeper [INFO] Client environment:java.compiler=<NA>
2015-02-13T19:05:59.338-0500 o.a.s.z.ZooKeeper [INFO] Client environment:os.name=Linux
2015-02-13T19:05:59.338-0500 o.a.s.z.ZooKeeper [INFO] Client environment:os.arch=amd64
2015-02-13T19:05:59.338-0500 o.a.s.z.ZooKeeper [INFO] Client environment:os.version=3.13.0-45-generic
2015-02-13T19:05:59.338-0500 o.a.s.z.ZooKeeper [INFO] Client environment:user.name=parth
2015-02-13T19:05:59.338-0500 o.a.s.z.ZooKeeper [INFO] Client environment:user.home=/home/parth
2015-02-13T19:05:59.338-0500 o.a.s.z.ZooKeeper [INFO] Client environment:user.dir=/home/parth/git/apache-storm-0.9.3/examples/storm-starter
2015-02-13T19:05:59.364-0500 o.a.s.z.s.ZooKeeperServer [INFO] Server environment:zookeeper.version=3.4.6-1569965, built on 02/20/2014 09:09 GMT
2015-02-13T19:05:59.364-0500 o.a.s.z.s.ZooKeeperServer [INFO] Server environment:host.name=parth-VirtualBox
2015-02-13T19:05:59.364-0500 o.a.s.z.s.ZooKeeperServer [INFO] Server environment:java.version=1.7.0_76
2015-02-13T19:05:59.364-0500 o.a.s.z.s.ZooKeeperServer [INFO] Server environment:java.vendor=Oracle Corporation
2015-02-13T19:05:59.364-0500 o.a.s.z.s.ZooKeeperServer [INFO] Server environment:java.home=/usr/lib/jvm/java-7-oracle/jre
2015-02-13T19:05:59.364-0500 o.a.s.z.s.ZooKeeperServer [INFO] Server environment:java.class.path=/home/parth/git/apache-storm-0.9.3/lib/core.incubator-0.1.0.jar:/home/parth/git/apache-storm-0.9.3/lib/compojure-1.1.3.jar:/home/parth/git/apache-storm-0.9.3/lib/asm-4.0.jar:/home/parth/git/apache-storm-0.9.3/lib/jetty-util-6.1.26.jar:/home/parth/git/apache-storm-0.9.3/lib/log4j-over-slf4j-1.6.6.jar:/home/parth/git/apache-storm-0.9.3/lib/logback-core-1.0.13.jar:/home/parth/git/apache-storm-0.9.3/lib/logback-classic-1.0.13.jar:/home/parth/git/apache-storm-0.9.3/lib/reflectasm-1.07-shaded.jar:/home/parth/git/apache-storm-0.9.3/lib/clj-stacktrace-0.2.2.jar:/home/parth/git/apache-storm-0.9.3/lib/clj-time-0.4.1.jar:/home/parth/git/apache-storm-0.9.3/lib/jline-2.11.jar:/home/parth/git/apache-storm-0.9.3/lib/carbonite-1.4.0.jar:/home/parth/git/apache-storm-0.9.3/lib/objenesis-1.2.jar:/home/parth/git/apache-storm-0.9.3/lib/commons-logging-1.1.3.jar:/home/parth/git/apache-storm-0.9.3/lib/json-simple-1.1.jar:/home/parth/git/apache-storm-0.9.3/lib/clout-1.0.1.jar:/home/parth/git/apache-storm-0.9.3/lib/disruptor-2.10.1.jar:/home/parth/git/apache-storm-0.9.3/lib/tools.macro-0.1.0.jar:/home/parth/git/apache-storm-0.9.3/lib/storm-core-0.9.3.jar:/home/parth/git/apache-storm-0.9.3/lib/commons-fileupload-1.2.1.jar:/home/parth/git/apache-storm-0.9.3/lib/joda-time-2.0.jar:/home/parth/git/apache-storm-0.9.3/lib/snakeyaml-1.11.jar:/home/parth/git/apache-storm-0.9.3/lib/slf4j-api-1.7.5.jar:/home/parth/git/apache-storm-0.9.3/lib/clojure-1.5.1.jar:/home/parth/git/apache-storm-0.9.3/lib/kryo-2.21.jar:/home/parth/git/apache-storm-0.9.3/lib/commons-lang-2.5.jar:/home/parth/git/apache-storm-0.9.3/lib/ring-jetty-adapter-0.3.11.jar:/home/parth/git/apache-storm-0.9.3/lib/tools.cli-0.2.4.jar:/home/parth/git/apache-storm-0.9.3/lib/jgrapht-core-0.9.0.jar:/home/parth/git/apache-storm-0.9.3/lib/minlog-1.2.jar:/home/parth/git/apache-storm-0.9.3/lib/chill-java-0.3.5.jar:/home/parth/git/apache-storm-0.9.3/lib/tools.logging-0.2.3.jar:/home/parth/git/apache-storm-0.9.3/lib/servlet-api-2.5.jar:/home/parth/git/apache-storm-0.9.3/lib/ring-core-1.1.5.jar:/home/parth/git/apache-storm-0.9.3/lib/commons-codec-1.6.jar:/home/parth/git/apache-storm-0.9.3/lib/jetty-6.1.26.jar:/home/parth/git/apache-storm-0.9.3/lib/commons-io-2.4.jar:/home/parth/git/apache-storm-0.9.3/lib/commons-exec-1.1.jar:/home/parth/git/apache-storm-0.9.3/lib/math.numeric-tower-0.0.1.jar:/home/parth/git/apache-storm-0.9.3/lib/ring-devel-0.3.11.jar:/home/parth/git/apache-storm-0.9.3/lib/ring-servlet-0.3.11.jar:/home/parth/git/apache-storm-0.9.3/lib/hiccup-0.3.6.jar:/home/parth/git/apache-storm-0.9.3/conf
2015-02-13T19:05:59.364-0500 o.a.s.z.s.ZooKeeperServer [INFO] Server environment:java.library.path=/usr/local/lib:/opt/local/lib:/usr/lib
2015-02-13T19:05:59.364-0500 o.a.s.z.s.ZooKeeperServer [INFO] Server environment:java.io.tmpdir=/tmp
2015-02-13T19:05:59.364-0500 o.a.s.z.s.ZooKeeperServer [INFO] Server environment:java.compiler=<NA>
2015-02-13T19:05:59.365-0500 o.a.s.z.s.ZooKeeperServer [INFO] Server environment:os.name=Linux
2015-02-13T19:05:59.365-0500 o.a.s.z.s.ZooKeeperServer [INFO] Server environment:os.arch=amd64
2015-02-13T19:05:59.365-0500 o.a.s.z.s.ZooKeeperServer [INFO] Server environment:os.version=3.13.0-45-generic
2015-02-13T19:05:59.365-0500 o.a.s.z.s.ZooKeeperServer [INFO] Server environment:user.name=parth
2015-02-13T19:05:59.365-0500 o.a.s.z.s.ZooKeeperServer [INFO] Server environment:user.home=/home/parth
2015-02-13T19:05:59.365-0500 o.a.s.z.s.ZooKeeperServer [INFO] Server environment:user.dir=/home/parth/git/apache-storm-0.9.3/examples/storm-starter
2015-02-13T19:06:00.507-0500 b.s.d.nimbus [INFO] Starting Nimbus with conf {"dev.zookeeper.path" "/tmp/dev-storm-zookeeper", "topology.tick.tuple.freq.secs" nil, "topology.builtin.metrics.bucket.size.secs" 60, "topology.fall.back.on.java.serialization" true, "topology.max.error.report.per.interval" 5, "zmq.linger.millis" 5000, "topology.skip.missing.kryo.registrations" false, "storm.messaging.netty.client_worker_threads" 1, "ui.childopts" "-Xmx768m", "storm.zookeeper.session.timeout" 20000, "nimbus.reassign" true, "topology.trident.batch.emit.interval.millis" 500, "storm.messaging.netty.flush.check.interval.ms" 10, "nimbus.monitor.freq.secs" 10, "logviewer.childopts" "-Xmx128m", "java.library.path" "/usr/local/lib:/opt/local/lib:/usr/lib", "topology.executor.send.buffer.size" 1024, "storm.local.dir" "storm-local", "storm.messaging.netty.buffer_size" 5242880, "supervisor.worker.start.timeout.secs" 120, "topology.enable.message.timeouts" true, "nimbus.cleanup.inbox.freq.secs" 600, "nimbus.inbox.jar.expiration.secs" 3600, "drpc.worker.threads" 64, "storm.meta.serialization.delegate" "backtype.storm.serialization.DefaultSerializationDelegate", "topology.worker.shared.thread.pool.size" 4, "nimbus.host" "localhost", "storm.messaging.netty.min_wait_ms" 100, "storm.zookeeper.port" 2181, "transactional.zookeeper.port" nil, "topology.executor.receive.buffer.size" 1024, "transactional.zookeeper.servers" nil, "storm.zookeeper.root" "/storm", "storm.zookeeper.retry.intervalceiling.millis" 30000, "supervisor.enable" true, "storm.messaging.netty.server_worker_threads" 1, "storm.zookeeper.servers" ["localhost"], "transactional.zookeeper.root" "/transactional", "topology.acker.executors" nil, "topology.transfer.buffer.size" 1024, "topology.worker.childopts" nil, "drpc.queue.size" 128, "worker.childopts" "-Xmx768m", "supervisor.heartbeat.frequency.secs" 5, "topology.error.throttle.interval.secs" 10, "zmq.hwm" 0, "drpc.port" 3772, "supervisor.monitor.frequency.secs" 3, "drpc.childopts" "-Xmx768m", "topology.receiver.buffer.size" 8, "task.heartbeat.frequency.secs" 3, "topology.tasks" nil, "storm.messaging.netty.max_retries" 300, "topology.spout.wait.strategy" "backtype.storm.spout.SleepSpoutWaitStrategy", "nimbus.thrift.max_buffer_size" 1048576, "topology.max.spout.pending" nil, "storm.zookeeper.retry.interval" 1000, "topology.sleep.spout.wait.strategy.time.ms" 1, "nimbus.topology.validator" "backtype.storm.nimbus.DefaultTopologyValidator", "supervisor.slots.ports" [6700 6701 6702 6703], "topology.environment" nil, "topology.debug" false, "nimbus.task.launch.secs" 120, "nimbus.supervisor.timeout.secs" 60, "topology.message.timeout.secs" 30, "task.refresh.poll.secs" 10, "topology.workers" 1, "supervisor.childopts" "-Xmx256m", "nimbus.thrift.port" 6627, "topology.stats.sample.rate" 0.05, "worker.heartbeat.frequency.secs" 1, "topology.tuple.serializer" "backtype.storm.serialization.types.ListDelegateSerializer", "topology.disruptor.wait.strategy" "com.lmax.disruptor.BlockingWaitStrategy", "topology.multilang.serializer" "backtype.storm.multilang.JsonSerializer", "nimbus.task.timeout.secs" 30, "storm.zookeeper.connection.timeout" 15000, "topology.kryo.factory" "backtype.storm.serialization.DefaultKryoFactory", "drpc.invocations.port" 3773, "logviewer.port" 8000, "zmq.threads" 1, "storm.zookeeper.retry.times" 5, "topology.worker.receiver.thread.count" 1, "storm.thrift.transport" "backtype.storm.security.auth.SimpleTransportPlugin", "topology.state.synchronization.timeout.secs" 60, "supervisor.worker.timeout.secs" 30, "nimbus.file.copy.expiration.secs" 600, "storm.messaging.transport" "backtype.storm.messaging.netty.Context", "logviewer.appender.name" "A1", "storm.messaging.netty.max_wait_ms" 1000, "drpc.request.timeout.secs" 600, "storm.local.mode.zmq" false, "ui.port" 8080, "nimbus.childopts" "-Xmx1024m", "storm.cluster.mode" "distributed", "topology.max.task.parallelism" nil, "storm.messaging.netty.transfer.batch.size" 262144, "topology.classpath" nil}
2015-02-13T19:06:00.531-0500 b.s.d.nimbus [INFO] Using default scheduler
2015-02-13T19:06:00.549-0500 b.s.u.StormBoundedExponentialBackoffRetry [INFO] The baseSleepTimeMs [1000] the maxSleepTimeMs [30000] the maxRetries [5]
2015-02-13T19:06:00.880-0500 o.a.s.c.f.i.CuratorFrameworkImpl [INFO] Starting
2015-02-13T19:06:00.883-0500 o.a.s.z.ZooKeeper [INFO] Initiating client connection, connectString=localhost:2181 sessionTimeout=20000 watcher=org.apache.storm.curator.ConnectionState@7ca65d82
2015-02-13T19:06:00.939-0500 o.a.s.z.ClientCnxn [INFO] Opening socket connection to server localhost/127.0.0.1:2181. Will not attempt to authenticate using SASL (unknown error)
2015-02-13T19:06:00.964-0500 o.a.s.z.ClientCnxn [INFO] Socket connection established to localhost/127.0.0.1:2181, initiating session
2015-02-13T19:06:01.066-0500 o.a.s.z.ClientCnxn [INFO] Session establishment complete on server localhost/127.0.0.1:2181, sessionid = 0x14b856766200000, negotiated timeout = 20000
2015-02-13T19:06:01.068-0500 o.a.s.c.f.s.ConnectionStateManager [INFO] State change: CONNECTED
2015-02-13T19:06:01.081-0500 b.s.zookeeper [INFO] Zookeeper state update: :connected:none
2015-02-13T19:06:02.154-0500 o.a.s.z.ClientCnxn [INFO] EventThread shut down
2015-02-13T19:06:02.158-0500 o.a.s.z.ZooKeeper [INFO] Session: 0x14b856766200000 closed
2015-02-13T19:06:02.162-0500 b.s.u.StormBoundedExponentialBackoffRetry [INFO] The baseSleepTimeMs [1000] the maxSleepTimeMs [30000] the maxRetries [5]
2015-02-13T19:06:02.166-0500 o.a.s.c.f.i.CuratorFrameworkImpl [INFO] Starting
2015-02-13T19:06:02.167-0500 o.a.s.z.ZooKeeper [INFO] Initiating client connection, connectString=localhost:2181/storm sessionTimeout=20000 watcher=org.apache.storm.curator.ConnectionState@70d109de
2015-02-13T19:06:02.176-0500 o.a.s.z.ClientCnxn [INFO] Opening socket connection to server localhost/127.0.0.1:2181. Will not attempt to authenticate using SASL (unknown error)
2015-02-13T19:06:02.178-0500 o.a.s.z.ClientCnxn [INFO] Socket connection established to localhost/127.0.0.1:2181, initiating session
2015-02-13T19:06:02.181-0500 o.a.s.z.ClientCnxn [INFO] Session establishment complete on server localhost/127.0.0.1:2181, sessionid = 0x14b856766200001, negotiated timeout = 20000
2015-02-13T19:06:02.181-0500 o.a.s.c.f.s.ConnectionStateManager [INFO] State change: CONNECTED
2015-02-13T19:06:02.319-0500 b.s.d.nimbus [INFO] Starting Nimbus server...
2015-02-13T19:07:47.347-0500 b.s.d.nimbus [INFO] Uploading file from client to storm-local/nimbus/inbox/stormjar-cd9c07bd-b455-4864-9ec7-f66b9c23e70e.jar
2015-02-13T19:07:47.413-0500 b.s.d.nimbus [INFO] Finished uploading file from client: storm-local/nimbus/inbox/stormjar-cd9c07bd-b455-4864-9ec7-f66b9c23e70e.jar
2015-02-13T19:07:47.635-0500 b.s.d.nimbus [INFO] Received topology submission for wc_trident with conf {"topology.max.task.parallelism" nil, "topology.acker.executors" nil, "topology.kryo.register" {"storm.trident.topology.TransactionAttempt" nil, "storm.trident.spout.RichSpoutBatchId" "storm.trident.spout.RichSpoutBatchIdSerializer"}, "topology.kryo.decorators" (), "topology.name" "wc_trident", "storm.id" "wc_trident-1-1423872467", "topology.workers" 3, "topology.max.spout.pending" 20}
2015-02-13T19:07:47.745-0500 b.s.d.nimbus [INFO] Activating wc_trident: wc_trident-1-1423872467
2015-02-13T19:07:47.951-0500 b.s.s.EvenScheduler [INFO] Available slots: (["ab5a55f5-d5d0-4796-bed7-e5e3d1599629" 6703] ["ab5a55f5-d5d0-4796-bed7-e5e3d1599629" 6702] ["ab5a55f5-d5d0-4796-bed7-e5e3d1599629" 6701] ["ab5a55f5-d5d0-4796-bed7-e5e3d1599629" 6700])
2015-02-13T19:07:48.003-0500 b.s.d.nimbus [INFO] Setting new assignment for topology id wc_trident-1-1423872467: #backtype.storm.daemon.common.Assignment{:master-code-dir "storm-local/nimbus/stormdist/wc_trident-1-1423872467", :node->host {"ab5a55f5-d5d0-4796-bed7-e5e3d1599629" "parth-VirtualBox"}, :executor->node+port {[2 2] ["ab5a55f5-d5d0-4796-bed7-e5e3d1599629" 6702], [3 3] ["ab5a55f5-d5d0-4796-bed7-e5e3d1599629" 6701], [4 4] ["ab5a55f5-d5d0-4796-bed7-e5e3d1599629" 6703], [5 5] ["ab5a55f5-d5d0-4796-bed7-e5e3d1599629" 6702], [6 6] ["ab5a55f5-d5d0-4796-bed7-e5e3d1599629" 6701], [7 7] ["ab5a55f5-d5d0-4796-bed7-e5e3d1599629" 6703], [8 8] ["ab5a55f5-d5d0-4796-bed7-e5e3d1599629" 6702], [9 9] ["ab5a55f5-d5d0-4796-bed7-e5e3d1599629" 6701], [10 10] ["ab5a55f5-d5d0-4796-bed7-e5e3d1599629" 6703], [11 11] ["ab5a55f5-d5d0-4796-bed7-e5e3d1599629" 6702], [12 12] ["ab5a55f5-d5d0-4796-bed7-e5e3d1599629" 6701], [13 13] ["ab5a55f5-d5d0-4796-bed7-e5e3d1599629" 6703], [14 14] ["ab5a55f5-d5d0-4796-bed7-e5e3d1599629" 6702], [15 15] ["ab5a55f5-d5d0-4796-bed7-e5e3d1599629" 6701], [16 16] ["ab5a55f5-d5d0-4796-bed7-e5e3d1599629" 6703], [17 17] ["ab5a55f5-d5d0-4796-bed7-e5e3d1599629" 6702], [18 18] ["ab5a55f5-d5d0-4796-bed7-e5e3d1599629" 6701], [19 19] ["ab5a55f5-d5d0-4796-bed7-e5e3d1599629" 6703], [20 20] ["ab5a55f5-d5d0-4796-bed7-e5e3d1599629" 6702], [21 21] ["ab5a55f5-d5d0-4796-bed7-e5e3d1599629" 6701], [22 22] ["ab5a55f5-d5d0-4796-bed7-e5e3d1599629" 6703], [23 23] ["ab5a55f5-d5d0-4796-bed7-e5e3d1599629" 6702], [24 24] ["ab5a55f5-d5d0-4796-bed7-e5e3d1599629" 6701], [25 25] ["ab5a55f5-d5d0-4796-bed7-e5e3d1599629" 6703], [26 26] ["ab5a55f5-d5d0-4796-bed7-e5e3d1599629" 6702], [27 27] ["ab5a55f5-d5d0-4796-bed7-e5e3d1599629" 6701], [28 28] ["ab5a55f5-d5d0-4796-bed7-e5e3d1599629" 6703], [1 1] ["ab5a55f5-d5d0-4796-bed7-e5e3d1599629" 6703]}, :executor->start-time-secs {[2 2] 1423872467, [3 3] 1423872467, [4 4] 1423872467, [5 5] 1423872467, [6 6] 1423872467, [7 7] 1423872467, [8 8] 1423872467, [9 9] 1423872467, [10 10] 1423872467, [11 11] 1423872467, [12 12] 1423872467, [13 13] 1423872467, [14 14] 1423872467, [15 15] 1423872467, [16 16] 1423872467, [17 17] 1423872467, [18 18] 1423872467, [19 19] 1423872467, [20 20] 1423872467, [21 21] 1423872467, [22 22] 1423872467, [23 23] 1423872467, [24 24] 1423872467, [25 25] 1423872467, [26 26] 1423872467, [27 27] 1423872467, [28 28] 1423872467, [1 1] 1423872467}}
2015-02-13T19:10:00.475-0500 b.s.d.nimbus [INFO] Executor wc_trident-1-1423872467:[4 4] not alive
2015-02-13T19:10:00.575-0500 b.s.d.nimbus [INFO] Executor wc_trident-1-1423872467:[7 7] not alive
2015-02-13T19:10:00.576-0500 b.s.d.nimbus [INFO] Executor wc_trident-1-1423872467:[10 10] not alive
2015-02-13T19:10:00.577-0500 b.s.d.nimbus [INFO] Executor wc_trident-1-1423872467:[13 13] not alive
2015-02-13T19:10:00.579-0500 b.s.d.nimbus [INFO] Executor wc_trident-1-1423872467:[16 16] not alive
2015-02-13T19:10:00.579-0500 b.s.d.nimbus [INFO] Executor wc_trident-1-1423872467:[19 19] not alive
2015-02-13T19:10:00.580-0500 b.s.d.nimbus [INFO] Executor wc_trident-1-1423872467:[22 22] not alive
2015-02-13T19:10:00.580-0500 b.s.d.nimbus [INFO] Executor wc_trident-1-1423872467:[25 25] not alive
2015-02-13T19:10:00.583-0500 b.s.d.nimbus [INFO] Executor wc_trident-1-1423872467:[28 28] not alive
2015-02-13T19:10:00.583-0500 b.s.d.nimbus [INFO] Executor wc_trident-1-1423872467:[1 1] not alive
2015-02-13T19:10:00.671-0500 b.s.s.EvenScheduler [INFO] Available slots: (["ab5a55f5-d5d0-4796-bed7-e5e3d1599629" 6700])
2015-02-13T19:10:00.672-0500 b.s.d.nimbus [INFO] Reassigning wc_trident-1-1423872467 to 3 slots
2015-02-13T19:10:00.672-0500 b.s.d.nimbus [INFO] Reassign executors: [[4 4] [7 7] [10 10] [13 13] [16 16] [19 19] [22 22] [25 25] [28 28] [1 1]]
2015-02-13T19:10:00.723-0500 b.s.d.nimbus [INFO] Setting new assignment for topology id wc_trident-1-1423872467: #backtype.storm.daemon.common.Assignment{:master-code-dir "storm-local/nimbus/stormdist/wc_trident-1-1423872467", :node->host {"ab5a55f5-d5d0-4796-bed7-e5e3d1599629" "parth-VirtualBox"}, :executor->node+port {[2 2] ["ab5a55f5-d5d0-4796-bed7-e5e3d1599629" 6702], [3 3] ["ab5a55f5-d5d0-4796-bed7-e5e3d1599629" 6701], [4 4] ["ab5a55f5-d5d0-4796-bed7-e5e3d1599629" 6700], [5 5] ["ab5a55f5-d5d0-4796-bed7-e5e3d1599629" 6702], [6 6] ["ab5a55f5-d5d0-4796-bed7-e5e3d1599629" 6701], [7 7] ["ab5a55f5-d5d0-4796-bed7-e5e3d1599629" 6700], [8 8] ["ab5a55f5-d5d0-4796-bed7-e5e3d1599629" 6702], [9 9] ["ab5a55f5-d5d0-4796-bed7-e5e3d1599629" 6701], [10 10] ["ab5a55f5-d5d0-4796-bed7-e5e3d1599629" 6700], [11 11] ["ab5a55f5-d5d0-4796-bed7-e5e3d1599629" 6702], [12 12] ["ab5a55f5-d5d0-4796-bed7-e5e3d1599629" 6701], [13 13] ["ab5a55f5-d5d0-4796-bed7-e5e3d1599629" 6700], [14 14] ["ab5a55f5-d5d0-4796-bed7-e5e3d1599629" 6702], [15 15] ["ab5a55f5-d5d0-4796-bed7-e5e3d1599629" 6701], [16 16] ["ab5a55f5-d5d0-4796-bed7-e5e3d1599629" 6700], [17 17] ["ab5a55f5-d5d0-4796-bed7-e5e3d1599629" 6702], [18 18] ["ab5a55f5-d5d0-4796-bed7-e5e3d1599629" 6701], [19 19] ["ab5a55f5-d5d0-4796-bed7-e5e3d1599629" 6700], [20 20] ["ab5a55f5-d5d0-4796-bed7-e5e3d1599629" 6702], [21 21] ["ab5a55f5-d5d0-4796-bed7-e5e3d1599629" 6701], [22 22] ["ab5a55f5-d5d0-4796-bed7-e5e3d1599629" 6700], [23 23] ["ab5a55f5-d5d0-4796-bed7-e5e3d1599629" 6702], [24 24] ["ab5a55f5-d5d0-4796-bed7-e5e3d1599629" 6701], [25 25] ["ab5a55f5-d5d0-4796-bed7-e5e3d1599629" 6700], [26 26] ["ab5a55f5-d5d0-4796-bed7-e5e3d1599629" 6702], [27 27] ["ab5a55f5-d5d0-4796-bed7-e5e3d1599629" 6701], [28 28] ["ab5a55f5-d5d0-4796-bed7-e5e3d1599629" 6700], [1 1] ["ab5a55f5-d5d0-4796-bed7-e5e3d1599629" 6700]}, :executor->start-time-secs {[2 2] 1423872467, [3 3] 1423872467, [4 4] 1423872600, [5 5] 1423872467, [6 6] 1423872467, [7 7] 1423872600, [8 8] 1423872467, [9 9] 1423872467, [10 10] 1423872600, [11 11] 1423872467, [12 12] 1423872467, [13 13] 1423872600, [14 14] 1423872467, [15 15] 1423872467, [16 16] 1423872600, [17 17] 1423872467, [18 18] 1423872467, [19 19] 1423872600, [20 20] 1423872467, [21 21] 1423872467, [22 22] 1423872600, [23 23] 1423872467, [24 24] 1423872467, [25 25] 1423872600, [26 26] 1423872467, [27 27] 1423872467, [28 28] 1423872600, [1 1] 1423872600}}
2015-02-13T19:12:23.139-0500 b.s.d.nimbus [INFO] Executor wc_trident-1-1423872467:[4 4] not alive
2015-02-13T19:12:23.148-0500 b.s.d.nimbus [INFO] Executor wc_trident-1-1423872467:[7 7] not alive
2015-02-13T19:12:23.149-0500 b.s.d.nimbus [INFO] Executor wc_trident-1-1423872467:[10 10] not alive
2015-02-13T19:12:23.149-0500 b.s.d.nimbus [INFO] Executor wc_trident-1-1423872467:[13 13] not alive
2015-02-13T19:12:23.150-0500 b.s.d.nimbus [INFO] Executor wc_trident-1-1423872467:[16 16] not alive
2015-02-13T19:12:23.150-0500 b.s.d.nimbus [INFO] Executor wc_trident-1-1423872467:[19 19] not alive
2015-02-13T19:12:23.150-0500 b.s.d.nimbus [INFO] Executor wc_trident-1-1423872467:[22 22] not alive
2015-02-13T19:12:23.150-0500 b.s.d.nimbus [INFO] Executor wc_trident-1-1423872467:[25 25] not alive
2015-02-13T19:12:23.151-0500 b.s.d.nimbus [INFO] Executor wc_trident-1-1423872467:[28 28] not alive
2015-02-13T19:12:23.151-0500 b.s.d.nimbus [INFO] Executor wc_trident-1-1423872467:[1 1] not alive
2015-02-13T19:12:23.166-0500 b.s.s.EvenScheduler [INFO] Available slots: (["ab5a55f5-d5d0-4796-bed7-e5e3d1599629" 6703])
2015-02-13T19:12:23.166-0500 b.s.d.nimbus [INFO] Reassigning wc_trident-1-1423872467 to 3 slots
2015-02-13T19:12:23.166-0500 b.s.d.nimbus [INFO] Reassign executors: [[4 4] [7 7] [10 10] [13 13] [16 16] [19 19] [22 22] [25 25] [28 28] [1 1]]
2015-02-13T19:12:23.178-0500 b.s.d.nimbus [INFO] Setting new assignment for topology id wc_trident-1-1423872467: #backtype.storm.daemon.common.Assignment{:master-code-dir "storm-local/nimbus/stormdist/wc_trident-1-1423872467", :node->host {"ab5a55f5-d5d0-4796-bed7-e5e3d1599629" "parth-VirtualBox"}, :executor->node+port {[2 2] ["ab5a55f5-d5d0-4796-bed7-e5e3d1599629" 6702], [3 3] ["ab5a55f5-d5d0-4796-bed7-e5e3d1599629" 6701], [4 4] ["ab5a55f5-d5d0-4796-bed7-e5e3d1599629" 6703], [5 5] ["ab5a55f5-d5d0-4796-bed7-e5e3d1599629" 6702], [6 6] ["ab5a55f5-d5d0-4796-bed7-e5e3d1599629" 6701], [7 7] ["ab5a55f5-d5d0-4796-bed7-e5e3d1599629" 6703], [8 8] ["ab5a55f5-d5d0-4796-bed7-e5e3d1599629" 6702], [9 9] ["ab5a55f5-d5d0-4796-bed7-e5e3d1599629" 6701], [10 10] ["ab5a55f5-d5d0-4796-bed7-e5e3d1599629" 6703], [11 11] ["ab5a55f5-d5d0-4796-bed7-e5e3d1599629" 6702], [12 12] ["ab5a55f5-d5d0-4796-bed7-e5e3d1599629" 6701], [13 13] ["ab5a55f5-d5d0-4796-bed7-e5e3d1599629" 6703], [14 14] ["ab5a55f5-d5d0-4796-bed7-e5e3d1599629" 6702], [15 15] ["ab5a55f5-d5d0-4796-bed7-e5e3d1599629" 6701], [16 16] ["ab5a55f5-d5d0-4796-bed7-e5e3d1599629" 6703], [17 17] ["ab5a55f5-d5d0-4796-bed7-e5e3d1599629" 6702], [18 18] ["ab5a55f5-d5d0-4796-bed7-e5e3d1599629" 6701], [19 19] ["ab5a55f5-d5d0-4796-bed7-e5e3d1599629" 6703], [20 20] ["ab5a55f5-d5d0-4796-bed7-e5e3d1599629" 6702], [21 21] ["ab5a55f5-d5d0-4796-bed7-e5e3d1599629" 6701], [22 22] ["ab5a55f5-d5d0-4796-bed7-e5e3d1599629" 6703], [23 23] ["ab5a55f5-d5d0-4796-bed7-e5e3d1599629" 6702], [24 24] ["ab5a55f5-d5d0-4796-bed7-e5e3d1599629" 6701], [25 25] ["ab5a55f5-d5d0-4796-bed7-e5e3d1599629" 6703], [26 26] ["ab5a55f5-d5d0-4796-bed7-e5e3d1599629" 6702], [27 27] ["ab5a55f5-d5d0-4796-bed7-e5e3d1599629" 6701], [28 28] ["ab5a55f5-d5d0-4796-bed7-e5e3d1599629" 6703], [1 1] ["ab5a55f5-d5d0-4796-bed7-e5e3d1599629" 6703]}, :executor->start-time-secs {[2 2] 1423872467, [3 3] 1423872467, [4 4] 1423872743, [5 5] 1423872467, [6 6] 1423872467, [7 7] 1423872743, [8 8] 1423872467, [9 9] 1423872467, [10 10] 1423872743, [11 11] 1423872467, [12 12] 1423872467, [13 13] 1423872743, [14 14] 1423872467, [15 15] 1423872467, [16 16] 1423872743, [17 17] 1423872467, [18 18] 1423872467, [19 19] 1423872743, [20 20] 1423872467, [21 21] 1423872467, [22 22] 1423872743, [23 23] 1423872467, [24 24] 1423872467, [25 25] 1423872743, [26 26] 1423872467, [27 27] 1423872467, [28 28] 1423872743, [1 1] 1423872743}}
2015-02-13T19:12:30.416-0500 b.s.d.nimbus [INFO] Shutting down master
2015-02-13T19:12:30.482-0500 o.a.s.z.ZooKeeper [INFO] Session: 0x14b856766200001 closed
2015-02-13T19:12:30.482-0500 b.s.d.nimbus [INFO] Shut down master
2015-02-13T19:12:30.550-0500 o.a.s.z.ClientCnxn [INFO] EventThread shut down
